<?xml version="1.0" encoding="UTF-8"?>
<!-- Generated by org.testng.reporters.JUnitXMLReporter -->
<testsuite ignored="10" hostname="DESKTOP-B5CJTOK" failures="4" tests="11" name="Regression" time="128.443" errors="0" timestamp="2021-08-09T13:04:56 EEST">
  <testcase classname="com.customertimes.test.hw4.registration.EmailValidationTest" name="userCannotProvideInvalidEmail" time="2.979"/>
  <testcase classname="com.customertimes.test.hw4.login.LoginTest" name="userCanLoginToJuiceShop" time="1.442"/>
  <testcase classname="com.customertimes.test.hw5.AddProductToBasketTest" name="userCanAddProductToBasket" time="2.507">
    <failure type="java.lang.AssertionError" message="The following asserts failed:
	The product doesn&amp;apos;t match expected [Apple Juice (1000ml)] but found [Apple Pomace],
	The quantity doesn&amp;apos;t match expected [1] but found [2]">
      <![CDATA[java.lang.AssertionError: The following asserts failed:
The product doesn't match expected [Apple Juice (1000ml)] but found [Apple Pomace],
The quantity doesn't match expected [1] but found [2]
at com.customertimes.test.hw5.AddProductToBasketTest.userCanAddProductToBasket(AddProductToBasketTest.java:52)
at java.base/java.util.ArrayList.forEach(ArrayList.java:1511)
... Removed 32 stack frames]]>
    </failure>
  </testcase> <!-- userCanAddProductToBasket -->
  <testcase classname="com.customertimes.test.hw4.registration.PasswordMatchingValidationTest" name="userPasswordsMatched" time="2.4"/>
  <testcase classname="com.customertimes.test.hw4.login.LoginWithEmptyPasswordTest" name="userCannotLoginWithoutPassword" time="1.111"/>
  <testcase classname="com.customertimes.test.hw5.NoAbilityToAddSoldOutProductTest" name="userCannotAddSoldOutProductToBasket" time="4.877"/>
  <testcase classname="com.customertimes.test.hw4.registration.RegistrationTest" name="userCanRegisterToJuicyShop" time="5.171"/>
  <testcase classname="com.customertimes.test.hw4.login.LoginWithIncorrect2FATest" name="userCannotLoginWithIncorrect2FA" time="11.707">
    <failure type="org.openqa.selenium.TimeoutException" message="Expected condition failed: waiting for visibility of all elements located by By.id: totpToken (tried for 10 second(s) with 500 milliseconds interval)
Build info: version: &amp;apos;3.141.59&amp;apos;, revision: &amp;apos;e82be7d358&amp;apos;, time: &amp;apos;2018-11-14T08:17:03&amp;apos;
System info: host: &amp;apos;DESKTOP-B5CJTOK&amp;apos;, ip: &amp;apos;172.29.128.1&amp;apos;, os.name: &amp;apos;Windows 10&amp;apos;, os.arch: &amp;apos;amd64&amp;apos;, os.version: &amp;apos;10.0&amp;apos;, java.version: &amp;apos;15.0.2&amp;apos;
Driver info: org.openqa.selenium.remote.RemoteWebDriver
Capabilities {acceptInsecureCerts: false, browserName: chrome, browserVersion: 90.0.4430.72, chrome: {chromedriverVersion: 90.0.4430.24 (4c6d850f087da..., userDataDir: /tmp/.com.google.Chrome.yvtPv7}, goog:chromeOptions: {debuggerAddress: localhost:36873}, javascriptEnabled: true, networkConnectionEnabled: false, pageLoadStrategy: normal, platform: LINUX, platformName: LINUX, proxy: Proxy(), setWindowRect: true, strictFileInteractability: false, timeouts: {implicit: 0, pageLoad: 300000, script: 30000}, unhandledPromptBehavior: dismiss and notify, webauthn:extension:largeBlob: true, webauthn:virtualAuthenticators: true}
Session ID: 6fdacefe8cab5c9af353993545a9d104">
      <![CDATA[org.openqa.selenium.TimeoutException: Expected condition failed: waiting for visibility of all elements located by By.id: totpToken (tried for 10 second(s) with 500 milliseconds interval)
Build info: version: '3.141.59', revision: 'e82be7d358', time: '2018-11-14T08:17:03'
System info: host: 'DESKTOP-B5CJTOK', ip: '172.29.128.1', os.name: 'Windows 10', os.arch: 'amd64', os.version: '10.0', java.version: '15.0.2'
Driver info: org.openqa.selenium.remote.RemoteWebDriver
Capabilities {acceptInsecureCerts: false, browserName: chrome, browserVersion: 90.0.4430.72, chrome: {chromedriverVersion: 90.0.4430.24 (4c6d850f087da..., userDataDir: /tmp/.com.google.Chrome.yvtPv7}, goog:chromeOptions: {debuggerAddress: localhost:36873}, javascriptEnabled: true, networkConnectionEnabled: false, pageLoadStrategy: normal, platform: LINUX, platformName: LINUX, proxy: Proxy(), setWindowRect: true, strictFileInteractability: false, timeouts: {implicit: 0, pageLoad: 300000, script: 30000}, unhandledPromptBehavior: dismiss and notify, webauthn:extension:largeBlob: true, webauthn:virtualAuthenticators: true}
Session ID: 6fdacefe8cab5c9af353993545a9d104
at org.openqa.selenium.support.ui.WebDriverWait.timeoutException(WebDriverWait.java:95)
at org.openqa.selenium.support.ui.FluentWait.until(FluentWait.java:272)
at com.customertimes.framework.pages.AbstractPage.getElement(AbstractPage.java:24)
at com.customertimes.framework.pages.TwoFactorAuthenticationPage.enter2FA(TwoFactorAuthenticationPage.java:30)
at com.customertimes.test.hw4.login.LoginWithIncorrect2FATest.userCannotLoginWithIncorrect2FA(LoginWithIncorrect2FATest.java:43)
at java.base/java.util.ArrayList.forEach(ArrayList.java:1511)
... Removed 30 stack frames]]>
    </failure>
  </testcase> <!-- userCannotLoginWithIncorrect2FA -->
  <testcase classname="com.customertimes.test.hw5.ProductInfoTest" name="productInfoMatchingTest" time="11.155">
    <failure type="org.openqa.selenium.TimeoutException" message="Expected condition failed: waiting for visibility of all elements located by By.cssSelector: .mat-dialog-content p:only-child (tried for 10 second(s) with 500 milliseconds interval)
Build info: version: &amp;apos;3.141.59&amp;apos;, revision: &amp;apos;e82be7d358&amp;apos;, time: &amp;apos;2018-11-14T08:17:03&amp;apos;
System info: host: &amp;apos;DESKTOP-B5CJTOK&amp;apos;, ip: &amp;apos;172.29.128.1&amp;apos;, os.name: &amp;apos;Windows 10&amp;apos;, os.arch: &amp;apos;amd64&amp;apos;, os.version: &amp;apos;10.0&amp;apos;, java.version: &amp;apos;15.0.2&amp;apos;
Driver info: org.openqa.selenium.remote.RemoteWebDriver
Capabilities {acceptInsecureCerts: false, browserName: chrome, browserVersion: 90.0.4430.72, chrome: {chromedriverVersion: 90.0.4430.24 (4c6d850f087da..., userDataDir: /tmp/.com.google.Chrome.vwIv4s}, goog:chromeOptions: {debuggerAddress: localhost:36447}, javascriptEnabled: true, networkConnectionEnabled: false, pageLoadStrategy: normal, platform: LINUX, platformName: LINUX, proxy: Proxy(), setWindowRect: true, strictFileInteractability: false, timeouts: {implicit: 0, pageLoad: 300000, script: 30000}, unhandledPromptBehavior: dismiss and notify, webauthn:extension:largeBlob: true, webauthn:virtualAuthenticators: true}
Session ID: 8e85a648f901517bffcbce2985ae6e51">
      <![CDATA[org.openqa.selenium.TimeoutException: Expected condition failed: waiting for visibility of all elements located by By.cssSelector: .mat-dialog-content p:only-child (tried for 10 second(s) with 500 milliseconds interval)
Build info: version: '3.141.59', revision: 'e82be7d358', time: '2018-11-14T08:17:03'
System info: host: 'DESKTOP-B5CJTOK', ip: '172.29.128.1', os.name: 'Windows 10', os.arch: 'amd64', os.version: '10.0', java.version: '15.0.2'
Driver info: org.openqa.selenium.remote.RemoteWebDriver
Capabilities {acceptInsecureCerts: false, browserName: chrome, browserVersion: 90.0.4430.72, chrome: {chromedriverVersion: 90.0.4430.24 (4c6d850f087da..., userDataDir: /tmp/.com.google.Chrome.vwIv4s}, goog:chromeOptions: {debuggerAddress: localhost:36447}, javascriptEnabled: true, networkConnectionEnabled: false, pageLoadStrategy: normal, platform: LINUX, platformName: LINUX, proxy: Proxy(), setWindowRect: true, strictFileInteractability: false, timeouts: {implicit: 0, pageLoad: 300000, script: 30000}, unhandledPromptBehavior: dismiss and notify, webauthn:extension:largeBlob: true, webauthn:virtualAuthenticators: true}
Session ID: 8e85a648f901517bffcbce2985ae6e51
at org.openqa.selenium.support.ui.WebDriverWait.timeoutException(WebDriverWait.java:95)
at org.openqa.selenium.support.ui.FluentWait.until(FluentWait.java:272)
at com.customertimes.framework.pages.AbstractPage.getElement(AbstractPage.java:24)
at com.customertimes.framework.pages.AllProductsPage.getProductPrice(AllProductsPage.java:69)
at com.customertimes.test.hw5.ProductInfoTest.productInfoMatchingTest(ProductInfoTest.java:39)
at java.base/java.util.ArrayList.forEach(ArrayList.java:1511)
... Removed 30 stack frames]]>
    </failure>
  </testcase> <!-- productInfoMatchingTest -->
  <testcase classname="com.customertimes.test.hw4.registration.UniqueEmailValidationTest" name="userCannotUseEmailTwice" time="3.542"/>
  <testcase classname="com.customertimes.test.hw4.login.LoginWithIncorrectCredentialsTest" name="userCannotUseIncorrectCredentials" time="1.961">
    <failure type="java.lang.AssertionError" message="Incorrect credentials validation doesn&amp;apos;t work correctly expected [Invalid email or password] but found [Invalid email or password.]">
      <![CDATA[java.lang.AssertionError: Incorrect credentials validation doesn't work correctly expected [Invalid email or password] but found [Invalid email or password.]
at com.customertimes.test.hw4.login.LoginWithIncorrectCredentialsTest.userCannotUseIncorrectCredentials(LoginWithIncorrectCredentialsTest.java:39)
at java.base/java.util.ArrayList.forEach(ArrayList.java:1511)
... Removed 35 stack frames]]>
    </failure>
  </testcase> <!-- userCannotUseIncorrectCredentials -->
  <testcase classname="com.customertimes.test.BaseTest" name="@AfterSuite tearDown" time="0.0">
    <ignored/>
  </testcase> <!-- @AfterSuite tearDown -->
  <testcase classname="com.customertimes.test.BaseTest" name="@AfterSuite tearDown" time="0.0">
    <ignored/>
  </testcase> <!-- @AfterSuite tearDown -->
  <testcase classname="com.customertimes.test.BaseTest" name="@AfterSuite tearDown" time="0.0">
    <ignored/>
  </testcase> <!-- @AfterSuite tearDown -->
  <testcase classname="com.customertimes.test.BaseTest" name="@AfterSuite tearDown" time="0.0">
    <ignored/>
  </testcase> <!-- @AfterSuite tearDown -->
  <testcase classname="com.customertimes.test.BaseTest" name="@AfterSuite tearDown" time="0.0">
    <ignored/>
  </testcase> <!-- @AfterSuite tearDown -->
  <testcase classname="com.customertimes.test.BaseTest" name="@AfterSuite tearDown" time="0.0">
    <ignored/>
  </testcase> <!-- @AfterSuite tearDown -->
  <testcase classname="com.customertimes.test.BaseTest" name="@AfterSuite tearDown" time="0.0">
    <ignored/>
  </testcase> <!-- @AfterSuite tearDown -->
  <testcase classname="com.customertimes.test.BaseTest" name="@AfterSuite tearDown" time="0.0">
    <ignored/>
  </testcase> <!-- @AfterSuite tearDown -->
  <testcase classname="com.customertimes.test.BaseTest" name="@AfterSuite tearDown" time="0.0">
    <ignored/>
  </testcase> <!-- @AfterSuite tearDown -->
  <testcase classname="com.customertimes.test.BaseTest" name="@AfterSuite tearDown" time="0.0">
    <ignored/>
  </testcase> <!-- @AfterSuite tearDown -->
</testsuite> <!-- Regression -->
