{"name":"userCanRegisterToJuicyShop","status":"skipped","statusDetails":{"known":false,"muted":false,"flaky":false,"message":"Error forwarding the new session cannot find : Capabilities {browserName: chrome, browserVersion: 90.0, enableVNC: true}\nCommand duration or timeout: 617 milliseconds","trace":"org.openqa.selenium.WebDriverException: Error forwarding the new session cannot find : Capabilities {browserName: chrome, browserVersion: 90.0, enableVNC: true}\nCommand duration or timeout: 617 milliseconds\r\n\tat java.base/jdk.internal.reflect.NativeConstructorAccessorImpl.newInstance0(Native Method)\r\n\tat java.base/jdk.internal.reflect.NativeConstructorAccessorImpl.newInstance(NativeConstructorAccessorImpl.java:64)\r\n\tat java.base/jdk.internal.reflect.DelegatingConstructorAccessorImpl.newInstance(DelegatingConstructorAccessorImpl.java:45)\r\n\tat java.base/java.lang.reflect.Constructor.newInstanceWithCaller(Constructor.java:500)\r\n\tat java.base/java.lang.reflect.Constructor.newInstance(Constructor.java:481)\r\n\tat org.openqa.selenium.remote.ErrorHandler.createThrowable(ErrorHandler.java:214)\r\n\tat org.openqa.selenium.remote.ErrorHandler.throwIfResponseFailed(ErrorHandler.java:166)\r\n\tat org.openqa.selenium.remote.JsonWireProtocolResponse.lambda$errorHandler$0(JsonWireProtocolResponse.java:54)\r\n\tat org.openqa.selenium.remote.HandshakeResponse.lambda$getResponseFunction$0(HandshakeResponse.java:30)\r\n\tat org.openqa.selenium.remote.ProtocolHandshake.lambda$createSession$0(ProtocolHandshake.java:126)\r\n\tat java.base/java.util.stream.ReferencePipeline$3$1.accept(ReferencePipeline.java:195)\r\n\tat java.base/java.util.Spliterators$ArraySpliterator.tryAdvance(Spliterators.java:958)\r\n\tat java.base/java.util.stream.ReferencePipeline.forEachWithCancel(ReferencePipeline.java:127)\r\n\tat java.base/java.util.stream.AbstractPipeline.copyIntoWithCancel(AbstractPipeline.java:502)\r\n\tat java.base/java.util.stream.AbstractPipeline.copyInto(AbstractPipeline.java:488)\r\n\tat java.base/java.util.stream.AbstractPipeline.wrapAndCopyInto(AbstractPipeline.java:474)\r\n\tat java.base/java.util.stream.FindOps$FindOp.evaluateSequential(FindOps.java:150)\r\n\tat java.base/java.util.stream.AbstractPipeline.evaluate(AbstractPipeline.java:234)\r\n\tat java.base/java.util.stream.ReferencePipeline.findFirst(ReferencePipeline.java:543)\r\n\tat org.openqa.selenium.remote.ProtocolHandshake.createSession(ProtocolHandshake.java:128)\r\n\tat org.openqa.selenium.remote.ProtocolHandshake.createSession(ProtocolHandshake.java:74)\r\n\tat org.openqa.selenium.remote.HttpCommandExecutor.execute(HttpCommandExecutor.java:136)\r\n\tat org.openqa.selenium.remote.RemoteWebDriver.execute(RemoteWebDriver.java:552)\r\n\tat org.openqa.selenium.remote.RemoteWebDriver.startSession(RemoteWebDriver.java:213)\r\n\tat org.openqa.selenium.remote.RemoteWebDriver.<init>(RemoteWebDriver.java:131)\r\n\tat org.openqa.selenium.remote.RemoteWebDriver.<init>(RemoteWebDriver.java:144)\r\n\tat com.customertimes.framework.driver.WebdriverRunner.getWebDriver(WebdriverRunner.java:36)\r\n\tat com.customertimes.test.BaseTest.beforeClassInTheBaseTest(BaseTest.java:18)\r\n\tat java.base/jdk.internal.reflect.NativeMethodAccessorImpl.invoke0(Native Method)\r\n\tat java.base/jdk.internal.reflect.NativeMethodAccessorImpl.invoke(NativeMethodAccessorImpl.java:64)\r\n\tat java.base/jdk.internal.reflect.DelegatingMethodAccessorImpl.invoke(DelegatingMethodAccessorImpl.java:43)\r\n\tat java.base/java.lang.reflect.Method.invoke(Method.java:564)\r\n\tat org.testng.internal.MethodInvocationHelper.invokeMethod(MethodInvocationHelper.java:133)\r\n\tat org.testng.internal.MethodInvocationHelper.invokeMethodConsideringTimeout(MethodInvocationHelper.java:62)\r\n\tat org.testng.internal.ConfigInvoker.invokeConfigurationMethod(ConfigInvoker.java:385)\r\n\tat org.testng.internal.ConfigInvoker.invokeConfigurations(ConfigInvoker.java:321)\r\n\tat org.testng.internal.TestMethodWorker.invokeBeforeClassMethods(TestMethodWorker.java:176)\r\n\tat org.testng.internal.TestMethodWorker.run(TestMethodWorker.java:122)\r\n\tat java.base/java.util.ArrayList.forEach(ArrayList.java:1511)\r\n\tat org.testng.TestRunner.privateRun(TestRunner.java:794)\r\n\tat org.testng.TestRunner.run(TestRunner.java:596)\r\n\tat org.testng.SuiteRunner.runTest(SuiteRunner.java:377)\r\n\tat org.testng.SuiteRunner.runSequentially(SuiteRunner.java:371)\r\n\tat org.testng.SuiteRunner.privateRun(SuiteRunner.java:332)\r\n\tat org.testng.SuiteRunner.run(SuiteRunner.java:276)\r\n\tat org.testng.SuiteRunnerWorker.runSuite(SuiteRunnerWorker.java:53)\r\n\tat org.testng.SuiteRunnerWorker.run(SuiteRunnerWorker.java:96)\r\n\tat org.testng.TestNG.runSuitesSequentially(TestNG.java:1212)\r\n\tat org.testng.TestNG.runSuitesLocally(TestNG.java:1134)\r\n\tat org.testng.TestNG.runSuites(TestNG.java:1063)\r\n\tat org.testng.TestNG.run(TestNG.java:1031)\r\n\tat com.intellij.rt.testng.IDEARemoteTestNG.run(IDEARemoteTestNG.java:66)\r\n\tat com.intellij.rt.testng.RemoteTestNGStarter.main(RemoteTestNGStarter.java:109)\r\nCaused by: org.openqa.selenium.WebDriverException: Error forwarding the new session cannot find : Capabilities {browserName: chrome, browserVersion: 90.0, enableVNC: true}\nBuild info: version: '3.141.59', revision: 'e82be7d358', time: '2018-11-14T08:17:03'\nSystem info: host: 'DESKTOP-B5CJTOK', ip: '172.18.224.1', os.name: 'Windows 10', os.arch: 'amd64', os.version: '10.0', java.version: '15.0.2'\nDriver info: driver.version: unknown\r\n\tat org.openqa.grid.web.servlet.handler.RequestHandler.process(RequestHandler.java:118)\r\n\tat org.openqa.grid.web.servlet.DriverServlet.process(DriverServlet.java:85)\r\n\tat org.openqa.grid.web.servlet.DriverServlet.doPost(DriverServlet.java:69)\r\n\tat javax.servlet.http.HttpServlet.service(HttpServlet.java:707)\r\n\tat javax.servlet.http.HttpServlet.service(HttpServlet.java:790)\r\n\tat org.seleniumhq.jetty9.servlet.ServletHolder.handle(ServletHolder.java:865)\r\n\tat org.seleniumhq.jetty9.servlet.ServletHandler.doHandle(ServletHandler.java:535)\r\n\tat org.seleniumhq.jetty9.server.handler.ScopedHandler.handle(ScopedHandler.java:146)\r\n\tat org.seleniumhq.jetty9.security.SecurityHandler.handle(SecurityHandler.java:548)\r\n\tat org.seleniumhq.jetty9.server.handler.HandlerWrapper.handle(HandlerWrapper.java:132)\r\n\tat org.seleniumhq.jetty9.server.handler.ScopedHandler.nextHandle(ScopedHandler.java:257)\r\n\tat org.seleniumhq.jetty9.server.session.SessionHandler.doHandle(SessionHandler.java:1595)\r\n\tat org.seleniumhq.jetty9.server.handler.ScopedHandler.nextHandle(ScopedHandler.java:255)\r\n\tat org.seleniumhq.jetty9.server.handler.ContextHandler.doHandle(ContextHandler.java:1340)\r\n\tat org.seleniumhq.jetty9.server.handler.ScopedHandler.nextScope(ScopedHandler.java:203)\r\n\tat org.seleniumhq.jetty9.servlet.ServletHandler.doScope(ServletHandler.java:473)\r\n\tat org.seleniumhq.jetty9.server.session.SessionHandler.doScope(SessionHandler.java:1564)\r\n\tat org.seleniumhq.jetty9.server.handler.ScopedHandler.nextScope(ScopedHandler.java:201)\r\n\tat org.seleniumhq.jetty9.server.handler.ContextHandler.doScope(ContextHandler.java:1242)\r\n\tat org.seleniumhq.jetty9.server.handler.ScopedHandler.handle(ScopedHandler.java:144)\r\n\tat org.seleniumhq.jetty9.server.handler.HandlerWrapper.handle(HandlerWrapper.java:132)\r\n\tat org.seleniumhq.jetty9.server.Server.handle(Server.java:503)\r\n\tat org.seleniumhq.jetty9.server.HttpChannel.handle(HttpChannel.java:364)\r\n\tat org.seleniumhq.jetty9.server.HttpConnection.onFillable(HttpConnection.java:260)\r\n\tat org.seleniumhq.jetty9.io.AbstractConnection$ReadCallback.succeeded(AbstractConnection.java:305)\r\n\tat org.seleniumhq.jetty9.io.FillInterest.fillable(FillInterest.java:103)\r\n\tat org.seleniumhq.jetty9.io.ChannelEndPoint$2.run(ChannelEndPoint.java:118)\r\n\tat org.seleniumhq.jetty9.util.thread.strategy.EatWhatYouKill.runTask(EatWhatYouKill.java:333)\r\n\tat org.seleniumhq.jetty9.util.thread.strategy.EatWhatYouKill.doProduce(EatWhatYouKill.java:310)\r\n\tat org.seleniumhq.jetty9.util.thread.strategy.EatWhatYouKill.tryProduce(EatWhatYouKill.java:168)\r\n\tat org.seleniumhq.jetty9.util.thread.strategy.EatWhatYouKill.run(EatWhatYouKill.java:126)\r\n\tat org.seleniumhq.jetty9.util.thread.ReservedThreadExecutor$ReservedThread.run(ReservedThreadExecutor.java:366)\r\n\tat org.seleniumhq.jetty9.util.thread.QueuedThreadPool.runJob(QueuedThreadPool.java:765)\r\n\tat org.seleniumhq.jetty9.util.thread.QueuedThreadPool$2.run(QueuedThreadPool.java:683)\r\n\tat java.lang.Thread.run(Thread.java:832)\r\n"},"stage":"finished","steps":[],"attachments":[],"parameters":[],"start":1628120495326,"stop":1628120495326,"uuid":"d5bf4be7-ca99-45d0-9f51-4106e1d0ae09","historyId":"66e793fb5c02dfdebe6f76c7588ec0c3","fullName":"com.customertimes.test.hw4.registration.RegistrationTest.userCanRegisterToJuicyShop","labels":[{"name":"package","value":"com.customertimes.test.hw4.registration.RegistrationTest"},{"name":"testClass","value":"com.customertimes.test.hw4.registration.RegistrationTest"},{"name":"testMethod","value":"userCanRegisterToJuicyShop"},{"name":"parentSuite","value":"Default Suite"},{"name":"suite","value":"MeleshkoAutoMaven"},{"name":"subSuite","value":"com.customertimes.test.hw4.registration.RegistrationTest"},{"name":"host","value":"DESKTOP-B5CJTOK"},{"name":"thread","value":"18064@DESKTOP-B5CJTOK.main(1)"},{"name":"framework","value":"testng"},{"name":"language","value":"java"}],"links":[]}