<?xml version="1.0" encoding="UTF-8"?>
<testng-results ignored="10" total="21" passed="7" failed="4" skipped="0">
  <reporter-output>
  </reporter-output>
  <suite started-at="2021-08-03T23:59:53 EEST" name="Regression Suite" finished-at="2021-08-04T00:01:54 EEST" duration-ms="121319">
    <groups>
    </groups>
    <test started-at="2021-08-03T23:59:53 EEST" name="Regression" finished-at="2021-08-04T00:01:54 EEST" duration-ms="121319">
      <class name="com.customertimes.test.hw4.login.LoginWithIncorrect2FATest">
        <test-method is-config="true" signature="beforeClassInTheBaseTest()[pri:0, instance:com.customertimes.test.hw4.login.LoginWithIncorrect2FATest@143d9a93]" started-at="2021-08-04T00:01:10 EEST" name="beforeClassInTheBaseTest" finished-at="2021-08-04T00:01:12 EEST" duration-ms="1770" status="PASS">
          <reporter-output>
          </reporter-output>
        </test-method> <!-- beforeClassInTheBaseTest -->
        <test-method is-config="true" signature="setup()[pri:0, instance:com.customertimes.test.hw4.login.LoginWithIncorrect2FATest@143d9a93]" started-at="2021-08-04T00:01:12 EEST" name="setup" finished-at="2021-08-04T00:01:15 EEST" duration-ms="3136" status="PASS">
          <reporter-output>
          </reporter-output>
        </test-method> <!-- setup -->
        <test-method signature="userCannotLoginWithIncorrect2FA()[pri:0, instance:com.customertimes.test.hw4.login.LoginWithIncorrect2FATest@143d9a93]" started-at="2021-08-04T00:01:15 EEST" name="userCannotLoginWithIncorrect2FA" finished-at="2021-08-04T00:01:29 EEST" duration-ms="14647" status="FAIL">
          <exception class="org.openqa.selenium.TimeoutException">
            <message>
              <![CDATA[Expected condition failed: waiting for visibility of all elements located by By.id: totpToken (tried for 10 second(s) with 500 milliseconds interval)
Build info: version: '3.141.59', revision: 'e82be7d358', time: '2018-11-14T08:17:03'
System info: host: 'DESKTOP-B5CJTOK', ip: '172.21.176.1', os.name: 'Windows 10', os.arch: 'amd64', os.version: '10.0', java.version: '15.0.2'
Driver info: org.openqa.selenium.chrome.ChromeDriver
Capabilities {acceptInsecureCerts: false, browserName: chrome, browserVersion: 92.0.4515.107, chrome: {chromedriverVersion: 92.0.4515.107 (87a818b10553..., userDataDir: C:\Users\Olesia\AppData\Loc...}, goog:chromeOptions: {debuggerAddress: localhost:49336}, javascriptEnabled: true, networkConnectionEnabled: false, pageLoadStrategy: normal, platform: WINDOWS, platformName: WINDOWS, proxy: Proxy(), setWindowRect: true, strictFileInteractability: false, timeouts: {implicit: 0, pageLoad: 300000, script: 30000}, unhandledPromptBehavior: dismiss and notify, webauthn:extension:credBlob: true, webauthn:extension:largeBlob: true, webauthn:virtualAuthenticators: true}
Session ID: 30e153f7eed053e04ef5cedf66c43a03]]>
            </message>
            <full-stacktrace>
              <![CDATA[org.openqa.selenium.TimeoutException: Expected condition failed: waiting for visibility of all elements located by By.id: totpToken (tried for 10 second(s) with 500 milliseconds interval)
Build info: version: '3.141.59', revision: 'e82be7d358', time: '2018-11-14T08:17:03'
System info: host: 'DESKTOP-B5CJTOK', ip: '172.21.176.1', os.name: 'Windows 10', os.arch: 'amd64', os.version: '10.0', java.version: '15.0.2'
Driver info: org.openqa.selenium.chrome.ChromeDriver
Capabilities {acceptInsecureCerts: false, browserName: chrome, browserVersion: 92.0.4515.107, chrome: {chromedriverVersion: 92.0.4515.107 (87a818b10553..., userDataDir: C:\Users\Olesia\AppData\Loc...}, goog:chromeOptions: {debuggerAddress: localhost:49336}, javascriptEnabled: true, networkConnectionEnabled: false, pageLoadStrategy: normal, platform: WINDOWS, platformName: WINDOWS, proxy: Proxy(), setWindowRect: true, strictFileInteractability: false, timeouts: {implicit: 0, pageLoad: 300000, script: 30000}, unhandledPromptBehavior: dismiss and notify, webauthn:extension:credBlob: true, webauthn:extension:largeBlob: true, webauthn:virtualAuthenticators: true}
Session ID: 30e153f7eed053e04ef5cedf66c43a03
at org.openqa.selenium.support.ui.WebDriverWait.timeoutException(WebDriverWait.java:95)
at org.openqa.selenium.support.ui.FluentWait.until(FluentWait.java:272)
at com.customertimes.framework.pages.AbstractPage.getElement(AbstractPage.java:24)
at com.customertimes.framework.pages.TwoFactorAuthenticationPage.enter2FA(TwoFactorAuthenticationPage.java:30)
at com.customertimes.test.hw4.login.LoginWithIncorrect2FATest.userCannotLoginWithIncorrect2FA(LoginWithIncorrect2FATest.java:43)
at java.base/jdk.internal.reflect.NativeMethodAccessorImpl.invoke0(Native Method)
at java.base/jdk.internal.reflect.NativeMethodAccessorImpl.invoke(NativeMethodAccessorImpl.java:64)
at java.base/jdk.internal.reflect.DelegatingMethodAccessorImpl.invoke(DelegatingMethodAccessorImpl.java:43)
at java.base/java.lang.reflect.Method.invoke(Method.java:564)
at org.testng.internal.MethodInvocationHelper.invokeMethod(MethodInvocationHelper.java:133)
at org.testng.internal.TestInvoker.invokeMethod(TestInvoker.java:598)
at org.testng.internal.TestInvoker.invokeTestMethod(TestInvoker.java:173)
at org.testng.internal.MethodRunner.runInSequence(MethodRunner.java:46)
at org.testng.internal.TestInvoker$MethodInvocationAgent.invoke(TestInvoker.java:824)
at org.testng.internal.TestInvoker.invokeTestMethods(TestInvoker.java:146)
at org.testng.internal.TestMethodWorker.invokeTestMethods(TestMethodWorker.java:146)
at org.testng.internal.TestMethodWorker.run(TestMethodWorker.java:128)
at java.base/java.util.ArrayList.forEach(ArrayList.java:1511)
at org.testng.TestRunner.privateRun(TestRunner.java:794)
at org.testng.TestRunner.run(TestRunner.java:596)
at org.testng.SuiteRunner.runTest(SuiteRunner.java:377)
at org.testng.SuiteRunner.runSequentially(SuiteRunner.java:371)
at org.testng.SuiteRunner.privateRun(SuiteRunner.java:332)
at org.testng.SuiteRunner.run(SuiteRunner.java:276)
at org.testng.SuiteRunnerWorker.runSuite(SuiteRunnerWorker.java:53)
at org.testng.SuiteRunnerWorker.run(SuiteRunnerWorker.java:96)
at org.testng.TestNG.runSuitesSequentially(TestNG.java:1212)
at org.testng.TestNG.runSuitesLocally(TestNG.java:1134)
at org.testng.TestNG.runSuites(TestNG.java:1063)
at org.testng.TestNG.run(TestNG.java:1031)
at org.apache.maven.surefire.testng.TestNGExecutor.run(TestNGExecutor.java:283)
at org.apache.maven.surefire.testng.TestNGXmlTestSuite.execute(TestNGXmlTestSuite.java:75)
at org.apache.maven.surefire.testng.TestNGProvider.invoke(TestNGProvider.java:120)
at org.apache.maven.surefire.booter.ForkedBooter.invokeProviderInSameClassLoader(ForkedBooter.java:386)
at org.apache.maven.surefire.booter.ForkedBooter.runSuitesInProcess(ForkedBooter.java:323)
at org.apache.maven.surefire.booter.ForkedBooter.main(ForkedBooter.java:143)
]]>
            </full-stacktrace>
          </exception> <!-- org.openqa.selenium.TimeoutException -->
          <reporter-output>
          </reporter-output>
        </test-method> <!-- userCannotLoginWithIncorrect2FA -->
        <test-method is-config="true" signature="afterClass()[pri:0, instance:com.customertimes.test.hw4.login.LoginWithIncorrect2FATest@143d9a93]" started-at="2021-08-04T00:01:30 EEST" name="afterClass" finished-at="2021-08-04T00:01:31 EEST" duration-ms="819" status="PASS">
          <reporter-output>
          </reporter-output>
        </test-method> <!-- afterClass -->
      </class> <!-- com.customertimes.test.hw4.login.LoginWithIncorrect2FATest -->
      <class name="com.customertimes.test.hw4.login.LoginWithEmptyPasswordTest">
        <test-method is-config="true" signature="beforeClassInTheBaseTest()[pri:0, instance:com.customertimes.test.hw4.login.LoginWithEmptyPasswordTest@5a9800f8]" started-at="2021-08-04T00:00:31 EEST" name="beforeClassInTheBaseTest" finished-at="2021-08-04T00:00:33 EEST" duration-ms="1430" status="PASS">
          <reporter-output>
          </reporter-output>
        </test-method> <!-- beforeClassInTheBaseTest -->
        <test-method is-config="true" signature="setup()[pri:0, instance:com.customertimes.test.hw4.login.LoginWithEmptyPasswordTest@5a9800f8]" started-at="2021-08-04T00:00:33 EEST" name="setup" finished-at="2021-08-04T00:00:35 EEST" duration-ms="2356" status="PASS">
          <reporter-output>
          </reporter-output>
        </test-method> <!-- setup -->
        <test-method signature="userCannotLoginWithoutPassword()[pri:0, instance:com.customertimes.test.hw4.login.LoginWithEmptyPasswordTest@5a9800f8]" started-at="2021-08-04T00:00:35 EEST" name="userCannotLoginWithoutPassword" finished-at="2021-08-04T00:00:38 EEST" duration-ms="2757" status="PASS">
          <reporter-output>
          </reporter-output>
        </test-method> <!-- userCannotLoginWithoutPassword -->
        <test-method is-config="true" signature="afterClass()[pri:0, instance:com.customertimes.test.hw4.login.LoginWithEmptyPasswordTest@5a9800f8]" started-at="2021-08-04T00:00:38 EEST" name="afterClass" finished-at="2021-08-04T00:00:39 EEST" duration-ms="797" status="PASS">
          <reporter-output>
          </reporter-output>
        </test-method> <!-- afterClass -->
      </class> <!-- com.customertimes.test.hw4.login.LoginWithEmptyPasswordTest -->
      <class name="com.customertimes.test.hw5.NoAbilityToAddSoldOutProductTest">
        <test-method is-config="true" signature="beforeClassInTheBaseTest()[pri:0, instance:com.customertimes.test.hw5.NoAbilityToAddSoldOutProductTest@3e6f3bae]" started-at="2021-08-04T00:00:39 EEST" name="beforeClassInTheBaseTest" finished-at="2021-08-04T00:00:40 EEST" duration-ms="1640" status="PASS">
          <reporter-output>
          </reporter-output>
        </test-method> <!-- beforeClassInTheBaseTest -->
        <test-method is-config="true" signature="setup()[pri:0, instance:com.customertimes.test.hw5.NoAbilityToAddSoldOutProductTest@3e6f3bae]" started-at="2021-08-04T00:00:40 EEST" name="setup" finished-at="2021-08-04T00:00:42 EEST" duration-ms="1723" status="PASS">
          <reporter-output>
          </reporter-output>
        </test-method> <!-- setup -->
        <test-method signature="userCannotAddSoldOutProductToBasket()[pri:0, instance:com.customertimes.test.hw5.NoAbilityToAddSoldOutProductTest@3e6f3bae]" started-at="2021-08-04T00:00:42 EEST" name="userCannotAddSoldOutProductToBasket" finished-at="2021-08-04T00:00:56 EEST" duration-ms="14161" status="FAIL">
          <exception class="org.openqa.selenium.TimeoutException">
            <message>
              <![CDATA[Expected condition failed: waiting for visibility of all elements located by By.cssSelector: button[aria-label='Next page'] (tried for 10 second(s) with 500 milliseconds interval)
Build info: version: '3.141.59', revision: 'e82be7d358', time: '2018-11-14T08:17:03'
System info: host: 'DESKTOP-B5CJTOK', ip: '172.21.176.1', os.name: 'Windows 10', os.arch: 'amd64', os.version: '10.0', java.version: '15.0.2'
Driver info: org.openqa.selenium.chrome.ChromeDriver
Capabilities {acceptInsecureCerts: false, browserName: chrome, browserVersion: 92.0.4515.107, chrome: {chromedriverVersion: 92.0.4515.107 (87a818b10553..., userDataDir: C:\Users\Olesia\AppData\Loc...}, goog:chromeOptions: {debuggerAddress: localhost:51994}, javascriptEnabled: true, networkConnectionEnabled: false, pageLoadStrategy: normal, platform: WINDOWS, platformName: WINDOWS, proxy: Proxy(), setWindowRect: true, strictFileInteractability: false, timeouts: {implicit: 0, pageLoad: 300000, script: 30000}, unhandledPromptBehavior: dismiss and notify, webauthn:extension:credBlob: true, webauthn:extension:largeBlob: true, webauthn:virtualAuthenticators: true}
Session ID: 04d4b0b36b8518260769089b43bda437]]>
            </message>
            <full-stacktrace>
              <![CDATA[org.openqa.selenium.TimeoutException: Expected condition failed: waiting for visibility of all elements located by By.cssSelector: button[aria-label='Next page'] (tried for 10 second(s) with 500 milliseconds interval)
Build info: version: '3.141.59', revision: 'e82be7d358', time: '2018-11-14T08:17:03'
System info: host: 'DESKTOP-B5CJTOK', ip: '172.21.176.1', os.name: 'Windows 10', os.arch: 'amd64', os.version: '10.0', java.version: '15.0.2'
Driver info: org.openqa.selenium.chrome.ChromeDriver
Capabilities {acceptInsecureCerts: false, browserName: chrome, browserVersion: 92.0.4515.107, chrome: {chromedriverVersion: 92.0.4515.107 (87a818b10553..., userDataDir: C:\Users\Olesia\AppData\Loc...}, goog:chromeOptions: {debuggerAddress: localhost:51994}, javascriptEnabled: true, networkConnectionEnabled: false, pageLoadStrategy: normal, platform: WINDOWS, platformName: WINDOWS, proxy: Proxy(), setWindowRect: true, strictFileInteractability: false, timeouts: {implicit: 0, pageLoad: 300000, script: 30000}, unhandledPromptBehavior: dismiss and notify, webauthn:extension:credBlob: true, webauthn:extension:largeBlob: true, webauthn:virtualAuthenticators: true}
Session ID: 04d4b0b36b8518260769089b43bda437
at org.openqa.selenium.support.ui.WebDriverWait.timeoutException(WebDriverWait.java:95)
at org.openqa.selenium.support.ui.FluentWait.until(FluentWait.java:272)
at com.customertimes.framework.pages.AbstractPage.getElement(AbstractPage.java:24)
at com.customertimes.framework.pages.AllProductsPage.navigateToNextPageUsingScroll(AllProductsPage.java:82)
at com.customertimes.test.hw5.NoAbilityToAddSoldOutProductTest.userCannotAddSoldOutProductToBasket(NoAbilityToAddSoldOutProductTest.java:43)
at java.base/jdk.internal.reflect.NativeMethodAccessorImpl.invoke0(Native Method)
at java.base/jdk.internal.reflect.NativeMethodAccessorImpl.invoke(NativeMethodAccessorImpl.java:64)
at java.base/jdk.internal.reflect.DelegatingMethodAccessorImpl.invoke(DelegatingMethodAccessorImpl.java:43)
at java.base/java.lang.reflect.Method.invoke(Method.java:564)
at org.testng.internal.MethodInvocationHelper.invokeMethod(MethodInvocationHelper.java:133)
at org.testng.internal.TestInvoker.invokeMethod(TestInvoker.java:598)
at org.testng.internal.TestInvoker.invokeTestMethod(TestInvoker.java:173)
at org.testng.internal.MethodRunner.runInSequence(MethodRunner.java:46)
at org.testng.internal.TestInvoker$MethodInvocationAgent.invoke(TestInvoker.java:824)
at org.testng.internal.TestInvoker.invokeTestMethods(TestInvoker.java:146)
at org.testng.internal.TestMethodWorker.invokeTestMethods(TestMethodWorker.java:146)
at org.testng.internal.TestMethodWorker.run(TestMethodWorker.java:128)
at java.base/java.util.ArrayList.forEach(ArrayList.java:1511)
at org.testng.TestRunner.privateRun(TestRunner.java:794)
at org.testng.TestRunner.run(TestRunner.java:596)
at org.testng.SuiteRunner.runTest(SuiteRunner.java:377)
at org.testng.SuiteRunner.runSequentially(SuiteRunner.java:371)
at org.testng.SuiteRunner.privateRun(SuiteRunner.java:332)
at org.testng.SuiteRunner.run(SuiteRunner.java:276)
at org.testng.SuiteRunnerWorker.runSuite(SuiteRunnerWorker.java:53)
at org.testng.SuiteRunnerWorker.run(SuiteRunnerWorker.java:96)
at org.testng.TestNG.runSuitesSequentially(TestNG.java:1212)
at org.testng.TestNG.runSuitesLocally(TestNG.java:1134)
at org.testng.TestNG.runSuites(TestNG.java:1063)
at org.testng.TestNG.run(TestNG.java:1031)
at org.apache.maven.surefire.testng.TestNGExecutor.run(TestNGExecutor.java:283)
at org.apache.maven.surefire.testng.TestNGXmlTestSuite.execute(TestNGXmlTestSuite.java:75)
at org.apache.maven.surefire.testng.TestNGProvider.invoke(TestNGProvider.java:120)
at org.apache.maven.surefire.booter.ForkedBooter.invokeProviderInSameClassLoader(ForkedBooter.java:386)
at org.apache.maven.surefire.booter.ForkedBooter.runSuitesInProcess(ForkedBooter.java:323)
at org.apache.maven.surefire.booter.ForkedBooter.main(ForkedBooter.java:143)
]]>
            </full-stacktrace>
          </exception> <!-- org.openqa.selenium.TimeoutException -->
          <reporter-output>
          </reporter-output>
        </test-method> <!-- userCannotAddSoldOutProductToBasket -->
        <test-method is-config="true" signature="afterClass()[pri:0, instance:com.customertimes.test.hw5.NoAbilityToAddSoldOutProductTest@3e6f3bae]" started-at="2021-08-04T00:00:56 EEST" name="afterClass" finished-at="2021-08-04T00:00:57 EEST" duration-ms="922" status="PASS">
          <reporter-output>
          </reporter-output>
        </test-method> <!-- afterClass -->
      </class> <!-- com.customertimes.test.hw5.NoAbilityToAddSoldOutProductTest -->
      <class name="com.customertimes.test.hw5.ProductInfoTest">
        <test-method is-config="true" signature="beforeClassInTheBaseTest()[pri:0, instance:com.customertimes.test.hw5.ProductInfoTest@2caf6912]" started-at="2021-08-04T00:01:31 EEST" name="beforeClassInTheBaseTest" finished-at="2021-08-04T00:01:33 EEST" duration-ms="2239" status="PASS">
          <reporter-output>
          </reporter-output>
        </test-method> <!-- beforeClassInTheBaseTest -->
        <test-method is-config="true" signature="setup()[pri:0, instance:com.customertimes.test.hw5.ProductInfoTest@2caf6912]" started-at="2021-08-04T00:01:33 EEST" name="setup" finished-at="2021-08-04T00:01:35 EEST" duration-ms="2299" status="PASS">
          <reporter-output>
          </reporter-output>
        </test-method> <!-- setup -->
        <test-method signature="productInfoMatchingTest()[pri:0, instance:com.customertimes.test.hw5.ProductInfoTest@2caf6912]" started-at="2021-08-04T00:01:35 EEST" name="productInfoMatchingTest" finished-at="2021-08-04T00:01:37 EEST" duration-ms="2011" status="PASS">
          <reporter-output>
          </reporter-output>
        </test-method> <!-- productInfoMatchingTest -->
        <test-method is-config="true" signature="afterClass()[pri:0, instance:com.customertimes.test.hw5.ProductInfoTest@2caf6912]" started-at="2021-08-04T00:01:37 EEST" name="afterClass" finished-at="2021-08-04T00:01:38 EEST" duration-ms="828" status="PASS">
          <reporter-output>
          </reporter-output>
        </test-method> <!-- afterClass -->
      </class> <!-- com.customertimes.test.hw5.ProductInfoTest -->
      <class name="com.customertimes.test.hw4.registration.RegistrationTest">
        <test-method is-config="true" signature="beforeClassInTheBaseTest()[pri:0, instance:com.customertimes.test.hw4.registration.RegistrationTest@5d05ef57]" started-at="2021-08-04T00:00:57 EEST" name="beforeClassInTheBaseTest" finished-at="2021-08-04T00:00:59 EEST" duration-ms="1422" status="PASS">
          <reporter-output>
          </reporter-output>
        </test-method> <!-- beforeClassInTheBaseTest -->
        <test-method is-config="true" signature="setup()[pri:0, instance:com.customertimes.test.hw4.registration.RegistrationTest@5d05ef57]" started-at="2021-08-04T00:00:59 EEST" name="setup" finished-at="2021-08-04T00:01:01 EEST" duration-ms="2088" status="PASS">
          <reporter-output>
          </reporter-output>
        </test-method> <!-- setup -->
        <test-method signature="userCanRegisterToJuicyShop()[pri:0, instance:com.customertimes.test.hw4.registration.RegistrationTest@5d05ef57]" started-at="2021-08-04T00:01:01 EEST" name="userCanRegisterToJuicyShop" finished-at="2021-08-04T00:01:08 EEST" duration-ms="6994" status="PASS">
          <reporter-output>
          </reporter-output>
        </test-method> <!-- userCanRegisterToJuicyShop -->
        <test-method is-config="true" signature="afterClass()[pri:0, instance:com.customertimes.test.hw4.registration.RegistrationTest@5d05ef57]" started-at="2021-08-04T00:01:08 EEST" name="afterClass" finished-at="2021-08-04T00:01:10 EEST" duration-ms="1890" status="PASS">
          <reporter-output>
          </reporter-output>
        </test-method> <!-- afterClass -->
      </class> <!-- com.customertimes.test.hw4.registration.RegistrationTest -->
      <class name="com.customertimes.test.hw4.registration.UniqueEmailValidationTest">
        <test-method is-config="true" signature="beforeClassInTheBaseTest()[pri:0, instance:com.customertimes.test.hw4.registration.UniqueEmailValidationTest@213deac2]" started-at="2021-08-04T00:01:38 EEST" name="beforeClassInTheBaseTest" finished-at="2021-08-04T00:01:40 EEST" duration-ms="1515" status="PASS">
          <reporter-output>
          </reporter-output>
        </test-method> <!-- beforeClassInTheBaseTest -->
        <test-method is-config="true" signature="setup()[pri:0, instance:com.customertimes.test.hw4.registration.UniqueEmailValidationTest@213deac2]" started-at="2021-08-04T00:01:40 EEST" name="setup" finished-at="2021-08-04T00:01:41 EEST" duration-ms="1873" status="PASS">
          <reporter-output>
          </reporter-output>
        </test-method> <!-- setup -->
        <test-method signature="userCannotUseEmailTwice()[pri:0, instance:com.customertimes.test.hw4.registration.UniqueEmailValidationTest@213deac2]" started-at="2021-08-04T00:01:41 EEST" name="userCannotUseEmailTwice" finished-at="2021-08-04T00:01:46 EEST" duration-ms="4525" status="PASS">
          <reporter-output>
          </reporter-output>
        </test-method> <!-- userCannotUseEmailTwice -->
        <test-method is-config="true" signature="afterClass()[pri:0, instance:com.customertimes.test.hw4.registration.UniqueEmailValidationTest@213deac2]" started-at="2021-08-04T00:01:46 EEST" name="afterClass" finished-at="2021-08-04T00:01:47 EEST" duration-ms="719" status="PASS">
          <reporter-output>
          </reporter-output>
        </test-method> <!-- afterClass -->
      </class> <!-- com.customertimes.test.hw4.registration.UniqueEmailValidationTest -->
      <class name="com.customertimes.test.hw4.login.LoginTest">
        <test-method is-config="true" signature="beforeClassInTheBaseTest()[pri:0, instance:com.customertimes.test.hw4.login.LoginTest@23eee4b8]" started-at="2021-08-04T00:00:06 EEST" name="beforeClassInTheBaseTest" finished-at="2021-08-04T00:00:08 EEST" duration-ms="1631" status="PASS">
          <reporter-output>
          </reporter-output>
        </test-method> <!-- beforeClassInTheBaseTest -->
        <test-method is-config="true" signature="setup()[pri:0, instance:com.customertimes.test.hw4.login.LoginTest@23eee4b8]" started-at="2021-08-04T00:00:08 EEST" name="setup" finished-at="2021-08-04T00:00:11 EEST" duration-ms="3277" status="PASS">
          <reporter-output>
          </reporter-output>
        </test-method> <!-- setup -->
        <test-method signature="userCanLoginToJuiceShop()[pri:0, instance:com.customertimes.test.hw4.login.LoginTest@23eee4b8]" started-at="2021-08-04T00:00:11 EEST" name="userCanLoginToJuiceShop" finished-at="2021-08-04T00:00:13 EEST" duration-ms="2063" status="PASS">
          <reporter-output>
          </reporter-output>
        </test-method> <!-- userCanLoginToJuiceShop -->
        <test-method is-config="true" signature="afterClass()[pri:0, instance:com.customertimes.test.hw4.login.LoginTest@23eee4b8]" started-at="2021-08-04T00:00:13 EEST" name="afterClass" finished-at="2021-08-04T00:00:14 EEST" duration-ms="1079" status="PASS">
          <reporter-output>
          </reporter-output>
        </test-method> <!-- afterClass -->
      </class> <!-- com.customertimes.test.hw4.login.LoginTest -->
      <class name="com.customertimes.test.hw4.registration.PasswordMatchingValidationTest">
        <test-method is-config="true" signature="beforeClassInTheBaseTest()[pri:0, instance:com.customertimes.test.hw4.registration.PasswordMatchingValidationTest@49096b06]" started-at="2021-08-04T00:00:23 EEST" name="beforeClassInTheBaseTest" finished-at="2021-08-04T00:00:25 EEST" duration-ms="1450" status="PASS">
          <reporter-output>
          </reporter-output>
        </test-method> <!-- beforeClassInTheBaseTest -->
        <test-method is-config="true" signature="setup()[pri:0, instance:com.customertimes.test.hw4.registration.PasswordMatchingValidationTest@49096b06]" started-at="2021-08-04T00:00:25 EEST" name="setup" finished-at="2021-08-04T00:00:26 EEST" duration-ms="1862" status="PASS">
          <reporter-output>
          </reporter-output>
        </test-method> <!-- setup -->
        <test-method signature="userPasswordsMatched()[pri:0, instance:com.customertimes.test.hw4.registration.PasswordMatchingValidationTest@49096b06]" started-at="2021-08-04T00:00:26 EEST" name="userPasswordsMatched" finished-at="2021-08-04T00:00:30 EEST" duration-ms="4065" status="PASS">
          <reporter-output>
          </reporter-output>
        </test-method> <!-- userPasswordsMatched -->
        <test-method is-config="true" signature="afterClass()[pri:0, instance:com.customertimes.test.hw4.registration.PasswordMatchingValidationTest@49096b06]" started-at="2021-08-04T00:00:30 EEST" name="afterClass" finished-at="2021-08-04T00:00:31 EEST" duration-ms="770" status="PASS">
          <reporter-output>
          </reporter-output>
        </test-method> <!-- afterClass -->
      </class> <!-- com.customertimes.test.hw4.registration.PasswordMatchingValidationTest -->
      <class name="com.customertimes.test.hw4.registration.EmailValidationTest">
        <test-method is-config="true" signature="beforeClassInTheBaseTest()[pri:0, instance:com.customertimes.test.hw4.registration.EmailValidationTest@27e32fe4]" started-at="2021-08-03T23:59:53 EEST" name="beforeClassInTheBaseTest" finished-at="2021-08-03T23:59:57 EEST" duration-ms="3909" status="PASS">
          <reporter-output>
          </reporter-output>
        </test-method> <!-- beforeClassInTheBaseTest -->
        <test-method is-config="true" signature="setup()[pri:0, instance:com.customertimes.test.hw4.registration.EmailValidationTest@27e32fe4]" started-at="2021-08-03T23:59:57 EEST" name="setup" finished-at="2021-08-04T00:00:00 EEST" duration-ms="2887" status="PASS">
          <reporter-output>
          </reporter-output>
        </test-method> <!-- setup -->
        <test-method signature="userCannotProvideInvalidEmail()[pri:0, instance:com.customertimes.test.hw4.registration.EmailValidationTest@27e32fe4]" started-at="2021-08-04T00:00:00 EEST" name="userCannotProvideInvalidEmail" finished-at="2021-08-04T00:00:04 EEST" duration-ms="4663" status="PASS">
          <reporter-output>
          </reporter-output>
        </test-method> <!-- userCannotProvideInvalidEmail -->
        <test-method is-config="true" signature="afterClass()[pri:0, instance:com.customertimes.test.hw4.registration.EmailValidationTest@27e32fe4]" started-at="2021-08-04T00:00:05 EEST" name="afterClass" finished-at="2021-08-04T00:00:06 EEST" duration-ms="1362" status="PASS">
          <reporter-output>
          </reporter-output>
        </test-method> <!-- afterClass -->
        <test-method is-config="true" signature="tearDown()[pri:0, instance:com.customertimes.test.hw4.registration.EmailValidationTest@27e32fe4]" started-at="2021-08-04T00:01:55 EEST" name="tearDown" finished-at="2021-08-04T00:01:55 EEST" duration-ms="1" status="PASS">
          <reporter-output>
          </reporter-output>
        </test-method> <!-- tearDown -->
      </class> <!-- com.customertimes.test.hw4.registration.EmailValidationTest -->
      <class name="com.customertimes.test.hw4.login.LoginWithIncorrectCredentialsTest">
        <test-method is-config="true" signature="beforeClassInTheBaseTest()[pri:0, instance:com.customertimes.test.hw4.login.LoginWithIncorrectCredentialsTest@400d912a]" started-at="2021-08-04T00:01:47 EEST" name="beforeClassInTheBaseTest" finished-at="2021-08-04T00:01:49 EEST" duration-ms="1776" status="PASS">
          <reporter-output>
          </reporter-output>
        </test-method> <!-- beforeClassInTheBaseTest -->
        <test-method is-config="true" signature="setup()[pri:0, instance:com.customertimes.test.hw4.login.LoginWithIncorrectCredentialsTest@400d912a]" started-at="2021-08-04T00:01:49 EEST" name="setup" finished-at="2021-08-04T00:01:50 EEST" duration-ms="1877" status="PASS">
          <reporter-output>
          </reporter-output>
        </test-method> <!-- setup -->
        <test-method signature="userCannotUseIncorrectCredentials()[pri:0, instance:com.customertimes.test.hw4.login.LoginWithIncorrectCredentialsTest@400d912a]" started-at="2021-08-04T00:01:50 EEST" name="userCannotUseIncorrectCredentials" finished-at="2021-08-04T00:01:53 EEST" duration-ms="2740" status="FAIL">
          <exception class="java.lang.AssertionError">
            <message>
              <![CDATA[Incorrect credentials validation doesn't work correctly expected [Invalid email or password] but found [Invalid email or password.]]]>
            </message>
            <full-stacktrace>
              <![CDATA[java.lang.AssertionError: Incorrect credentials validation doesn't work correctly expected [Invalid email or password] but found [Invalid email or password.]
at org.testng.Assert.fail(Assert.java:99)
at org.testng.Assert.failNotEquals(Assert.java:1037)
at org.testng.Assert.assertEqualsImpl(Assert.java:140)
at org.testng.Assert.assertEquals(Assert.java:122)
at org.testng.Assert.assertEquals(Assert.java:629)
at com.customertimes.test.hw4.login.LoginWithIncorrectCredentialsTest.userCannotUseIncorrectCredentials(LoginWithIncorrectCredentialsTest.java:39)
at java.base/jdk.internal.reflect.NativeMethodAccessorImpl.invoke0(Native Method)
at java.base/jdk.internal.reflect.NativeMethodAccessorImpl.invoke(NativeMethodAccessorImpl.java:64)
at java.base/jdk.internal.reflect.DelegatingMethodAccessorImpl.invoke(DelegatingMethodAccessorImpl.java:43)
at java.base/java.lang.reflect.Method.invoke(Method.java:564)
at org.testng.internal.MethodInvocationHelper.invokeMethod(MethodInvocationHelper.java:133)
at org.testng.internal.TestInvoker.invokeMethod(TestInvoker.java:598)
at org.testng.internal.TestInvoker.invokeTestMethod(TestInvoker.java:173)
at org.testng.internal.MethodRunner.runInSequence(MethodRunner.java:46)
at org.testng.internal.TestInvoker$MethodInvocationAgent.invoke(TestInvoker.java:824)
at org.testng.internal.TestInvoker.invokeTestMethods(TestInvoker.java:146)
at org.testng.internal.TestMethodWorker.invokeTestMethods(TestMethodWorker.java:146)
at org.testng.internal.TestMethodWorker.run(TestMethodWorker.java:128)
at java.base/java.util.ArrayList.forEach(ArrayList.java:1511)
at org.testng.TestRunner.privateRun(TestRunner.java:794)
at org.testng.TestRunner.run(TestRunner.java:596)
at org.testng.SuiteRunner.runTest(SuiteRunner.java:377)
at org.testng.SuiteRunner.runSequentially(SuiteRunner.java:371)
at org.testng.SuiteRunner.privateRun(SuiteRunner.java:332)
at org.testng.SuiteRunner.run(SuiteRunner.java:276)
at org.testng.SuiteRunnerWorker.runSuite(SuiteRunnerWorker.java:53)
at org.testng.SuiteRunnerWorker.run(SuiteRunnerWorker.java:96)
at org.testng.TestNG.runSuitesSequentially(TestNG.java:1212)
at org.testng.TestNG.runSuitesLocally(TestNG.java:1134)
at org.testng.TestNG.runSuites(TestNG.java:1063)
at org.testng.TestNG.run(TestNG.java:1031)
at org.apache.maven.surefire.testng.TestNGExecutor.run(TestNGExecutor.java:283)
at org.apache.maven.surefire.testng.TestNGXmlTestSuite.execute(TestNGXmlTestSuite.java:75)
at org.apache.maven.surefire.testng.TestNGProvider.invoke(TestNGProvider.java:120)
at org.apache.maven.surefire.booter.ForkedBooter.invokeProviderInSameClassLoader(ForkedBooter.java:386)
at org.apache.maven.surefire.booter.ForkedBooter.runSuitesInProcess(ForkedBooter.java:323)
at org.apache.maven.surefire.booter.ForkedBooter.main(ForkedBooter.java:143)
]]>
            </full-stacktrace>
          </exception> <!-- java.lang.AssertionError -->
          <reporter-output>
          </reporter-output>
        </test-method> <!-- userCannotUseIncorrectCredentials -->
        <test-method is-config="true" signature="afterClass()[pri:0, instance:com.customertimes.test.hw4.login.LoginWithIncorrectCredentialsTest@400d912a]" started-at="2021-08-04T00:01:53 EEST" name="afterClass" finished-at="2021-08-04T00:01:54 EEST" duration-ms="755" status="PASS">
          <reporter-output>
          </reporter-output>
        </test-method> <!-- afterClass -->
      </class> <!-- com.customertimes.test.hw4.login.LoginWithIncorrectCredentialsTest -->
      <class name="com.customertimes.test.hw5.AddProductToBasketTest">
        <test-method is-config="true" signature="beforeClassInTheBaseTest()[pri:0, instance:com.customertimes.test.hw5.AddProductToBasketTest@9f6e406]" started-at="2021-08-04T00:00:14 EEST" name="beforeClassInTheBaseTest" finished-at="2021-08-04T00:00:16 EEST" duration-ms="1377" status="PASS">
          <reporter-output>
          </reporter-output>
        </test-method> <!-- beforeClassInTheBaseTest -->
        <test-method is-config="true" signature="setup()[pri:0, instance:com.customertimes.test.hw5.AddProductToBasketTest@9f6e406]" started-at="2021-08-04T00:00:16 EEST" name="setup" finished-at="2021-08-04T00:00:18 EEST" duration-ms="1844" status="PASS">
          <reporter-output>
          </reporter-output>
        </test-method> <!-- setup -->
        <test-method signature="userCanAddProductToBasket()[pri:0, instance:com.customertimes.test.hw5.AddProductToBasketTest@9f6e406]" started-at="2021-08-04T00:00:18 EEST" name="userCanAddProductToBasket" finished-at="2021-08-04T00:00:22 EEST" duration-ms="4084" status="FAIL">
          <exception class="java.lang.AssertionError">
            <message>
              <![CDATA[The following asserts failed:
The quantity doesn't match expected [1] but found [2]]]>
            </message>
            <full-stacktrace>
              <![CDATA[java.lang.AssertionError: The following asserts failed:
The quantity doesn't match expected [1] but found [2]
at org.testng.asserts.SoftAssert.assertAll(SoftAssert.java:47)
at org.testng.asserts.SoftAssert.assertAll(SoftAssert.java:31)
at com.customertimes.test.hw5.AddProductToBasketTest.userCanAddProductToBasket(AddProductToBasketTest.java:52)
at java.base/jdk.internal.reflect.NativeMethodAccessorImpl.invoke0(Native Method)
at java.base/jdk.internal.reflect.NativeMethodAccessorImpl.invoke(NativeMethodAccessorImpl.java:64)
at java.base/jdk.internal.reflect.DelegatingMethodAccessorImpl.invoke(DelegatingMethodAccessorImpl.java:43)
at java.base/java.lang.reflect.Method.invoke(Method.java:564)
at org.testng.internal.MethodInvocationHelper.invokeMethod(MethodInvocationHelper.java:133)
at org.testng.internal.TestInvoker.invokeMethod(TestInvoker.java:598)
at org.testng.internal.TestInvoker.invokeTestMethod(TestInvoker.java:173)
at org.testng.internal.MethodRunner.runInSequence(MethodRunner.java:46)
at org.testng.internal.TestInvoker$MethodInvocationAgent.invoke(TestInvoker.java:824)
at org.testng.internal.TestInvoker.invokeTestMethods(TestInvoker.java:146)
at org.testng.internal.TestMethodWorker.invokeTestMethods(TestMethodWorker.java:146)
at org.testng.internal.TestMethodWorker.run(TestMethodWorker.java:128)
at java.base/java.util.ArrayList.forEach(ArrayList.java:1511)
at org.testng.TestRunner.privateRun(TestRunner.java:794)
at org.testng.TestRunner.run(TestRunner.java:596)
at org.testng.SuiteRunner.runTest(SuiteRunner.java:377)
at org.testng.SuiteRunner.runSequentially(SuiteRunner.java:371)
at org.testng.SuiteRunner.privateRun(SuiteRunner.java:332)
at org.testng.SuiteRunner.run(SuiteRunner.java:276)
at org.testng.SuiteRunnerWorker.runSuite(SuiteRunnerWorker.java:53)
at org.testng.SuiteRunnerWorker.run(SuiteRunnerWorker.java:96)
at org.testng.TestNG.runSuitesSequentially(TestNG.java:1212)
at org.testng.TestNG.runSuitesLocally(TestNG.java:1134)
at org.testng.TestNG.runSuites(TestNG.java:1063)
at org.testng.TestNG.run(TestNG.java:1031)
at org.apache.maven.surefire.testng.TestNGExecutor.run(TestNGExecutor.java:283)
at org.apache.maven.surefire.testng.TestNGXmlTestSuite.execute(TestNGXmlTestSuite.java:75)
at org.apache.maven.surefire.testng.TestNGProvider.invoke(TestNGProvider.java:120)
at org.apache.maven.surefire.booter.ForkedBooter.invokeProviderInSameClassLoader(ForkedBooter.java:386)
at org.apache.maven.surefire.booter.ForkedBooter.runSuitesInProcess(ForkedBooter.java:323)
at org.apache.maven.surefire.booter.ForkedBooter.main(ForkedBooter.java:143)
]]>
            </full-stacktrace>
          </exception> <!-- java.lang.AssertionError -->
          <reporter-output>
          </reporter-output>
        </test-method> <!-- userCanAddProductToBasket -->
        <test-method is-config="true" signature="afterClass()[pri:0, instance:com.customertimes.test.hw5.AddProductToBasketTest@9f6e406]" started-at="2021-08-04T00:00:22 EEST" name="afterClass" finished-at="2021-08-04T00:00:23 EEST" duration-ms="1022" status="PASS">
          <reporter-output>
          </reporter-output>
        </test-method> <!-- afterClass -->
      </class> <!-- com.customertimes.test.hw5.AddProductToBasketTest -->
    </test> <!-- Regression -->
  </suite> <!-- Regression Suite -->
</testng-results>
